2022-12-21T16:11:11.776035+0600 DEBUG #### Запущен новый сеанс ####
2022-12-21T16:11:11.776035+0600 DEBUG create_tables начала работу
2022-12-21T16:11:11.812045+0600 DEBUG create_tables завершила работу (время - 0.03501 с)
2022-12-21T16:11:11.812045+0600 DEBUG set_default_commands начала работу
2022-12-21T16:11:12.233612+0600 DEBUG set_default_commands завершила работу (время - 0.42157 с)
2022-12-21T16:11:30.156503+0600 DEBUG bot_start начала работу
2022-12-21T16:11:30.580950+0600 DEBUG bot_start завершила работу (время - 0.42445 с)
2022-12-21T16:11:39.629916+0600 DEBUG start_search начала работу
2022-12-21T16:11:39.639869+0600 INFO Начало поиска (команда: /lowprice)
2022-12-21T16:11:39.639869+0600 INFO user_id = 1277657392; chat_id = 1277657392
2022-12-21T16:11:39.834531+0600 DEBUG start_search завершила работу (время - 0.19466 с)
2022-12-21T16:11:44.459940+0600 DEBUG enter_city начала работу
2022-12-21T16:11:44.459940+0600 DEBUG city_founding начала работу
2022-12-21T16:11:44.460940+0600 DEBUG request_to_api начала работу
2022-12-21T16:11:46.495491+0600 DEBUG request_to_api завершила работу (время - 2.03255 с)
2022-12-21T16:11:46.496492+0600 DEBUG city_founding завершила работу (время - 2.03555 с)
2022-12-21T16:11:46.496492+0600 DEBUG city_markup начала работу
2022-12-21T16:11:46.497492+0600 DEBUG city_markup завершила работу (время - 0.00000 с)
2022-12-21T16:11:46.964499+0600 DEBUG enter_city завершила работу (время - 2.50456 с)
2022-12-21T16:11:50.076202+0600 DEBUG get_city начала работу
2022-12-21T16:11:50.256187+0600 INFO Место для поиска: Алматы
2022-12-21T16:11:50.484892+0600 DEBUG get_city завершила работу (время - 0.40869 с)
2022-12-21T16:11:51.946557+0600 DEBUG get_date_in начала работу
2022-12-21T16:11:52.088239+0600 DEBUG get_date_in завершила работу (время - 0.14068 с)
2022-12-21T16:11:53.193602+0600 DEBUG get_date_in начала работу
2022-12-21T16:11:53.339339+0600 DEBUG get_date_in завершила работу (время - 0.14473 с)
2022-12-21T16:11:54.869321+0600 DEBUG get_date_in начала работу
2022-12-21T16:11:54.989248+0600 INFO Дата заезда: 22.12.2022
2022-12-21T16:11:55.119161+0600 DEBUG get_date_in завершила работу (время - 0.24984 с)
2022-12-21T16:11:56.443480+0600 DEBUG get_date_out начала работу
2022-12-21T16:11:56.582947+0600 DEBUG get_date_out завершила работу (время - 0.13947 с)
2022-12-21T16:11:57.642513+0600 DEBUG get_date_out начала работу
2022-12-21T16:11:57.783165+0600 DEBUG get_date_out завершила работу (время - 0.13965 с)
2022-12-21T16:11:58.701174+0600 DEBUG get_date_out начала работу
2022-12-21T16:11:58.880575+0600 INFO Дата отъезда: 30.12.2022
2022-12-21T16:11:59.021757+0600 DEBUG get_date_out завершила работу (время - 0.31958 с)
2022-12-21T16:12:01.748540+0600 DEBUG get_hotels_amount начала работу
2022-12-21T16:12:01.870840+0600 INFO Количество отелей для вывода: 3
2022-12-21T16:12:02.055583+0600 DEBUG get_hotels_amount завершила работу (время - 0.30605 с)
2022-12-21T16:12:03.594167+0600 DEBUG photos начала работу
2022-12-21T16:12:03.722560+0600 INFO Для каждого отеля будет выведено фотографий: 1
2022-12-21T16:12:03.835478+0600 DEBUG lowprice_founding начала работу
2022-12-21T16:12:03.836480+0600 DEBUG hotel_founding начала работу
2022-12-21T16:12:03.836480+0600 DEBUG request_to_api начала работу
2022-12-21T16:12:08.030163+0600 DEBUG request_to_api завершила работу (время - 4.19368 с)
2022-12-21T16:12:08.035162+0600 DEBUG value_from_mutidict начала работу
2022-12-21T16:12:08.035162+0600 DEBUG value_from_mutidict завершила работу (время - 0.00000 с)
2022-12-21T16:12:08.036162+0600 DEBUG value_from_mutidict начала работу
2022-12-21T16:12:08.036162+0600 DEBUG value_from_mutidict завершила работу (время - 0.00000 с)
2022-12-21T16:12:08.036162+0600 DEBUG value_from_mutidict начала работу
2022-12-21T16:12:08.037162+0600 DEBUG value_from_mutidict завершила работу (время - 0.00000 с)
2022-12-21T16:12:08.037162+0600 DEBUG value_from_mutidict начала работу
2022-12-21T16:12:08.037162+0600 DEBUG value_from_mutidict завершила работу (время - 0.00000 с)
2022-12-21T16:12:08.038162+0600 DEBUG value_from_mutidict начала работу
2022-12-21T16:12:08.038162+0600 DEBUG value_from_mutidict завершила работу (время - 0.00000 с)
2022-12-21T16:12:08.038162+0600 DEBUG value_from_mutidict начала работу
2022-12-21T16:12:08.039163+0600 DEBUG value_from_mutidict завершила работу (время - 0.00000 с)
2022-12-21T16:12:08.039163+0600 DEBUG value_from_mutidict начала работу
2022-12-21T16:12:08.039163+0600 DEBUG value_from_mutidict завершила работу (время - 0.00000 с)
2022-12-21T16:12:08.040163+0600 DEBUG hotel_founding завершила работу (время - 4.20368 с)
2022-12-21T16:12:08.040163+0600 DEBUG lowprice_founding завершила работу (время - 4.20368 с)
2022-12-21T16:12:08.040163+0600 DEBUG hotel_detail начала работу
2022-12-21T16:12:08.041162+0600 DEBUG request_to_api начала работу
2022-12-21T16:12:10.893532+0600 DEBUG request_to_api завершила работу (время - 2.85237 с)
2022-12-21T16:12:10.895532+0600 DEBUG value_from_mutidict начала работу
2022-12-21T16:12:10.895532+0600 DEBUG value_from_mutidict завершила работу (время - 0.00000 с)
2022-12-21T16:12:10.896532+0600 DEBUG value_from_mutidict начала работу
2022-12-21T16:12:10.896532+0600 DEBUG value_from_mutidict завершила работу (время - 0.00000 с)
2022-12-21T16:12:10.896532+0600 DEBUG request_to_api начала работу
2022-12-21T16:12:14.154672+0600 DEBUG request_to_api завершила работу (время - 3.25714 с)
2022-12-21T16:12:14.156672+0600 DEBUG value_from_mutidict начала работу
2022-12-21T16:12:14.157672+0600 DEBUG value_from_mutidict завершила работу (время - 0.00000 с)
2022-12-21T16:12:14.157672+0600 DEBUG value_from_mutidict начала работу
2022-12-21T16:12:14.157672+0600 DEBUG value_from_mutidict завершила работу (время - 0.00000 с)
2022-12-21T16:12:14.158672+0600 DEBUG request_to_api начала работу
2022-12-21T16:12:17.238752+0600 DEBUG request_to_api завершила работу (время - 3.08008 с)
2022-12-21T16:12:17.241752+0600 DEBUG value_from_mutidict начала работу
2022-12-21T16:12:17.241752+0600 DEBUG value_from_mutidict завершила работу (время - 0.00000 с)
2022-12-21T16:12:17.242754+0600 DEBUG value_from_mutidict начала работу
2022-12-21T16:12:17.242754+0600 DEBUG value_from_mutidict завершила работу (время - 0.00000 с)
2022-12-21T16:12:17.243754+0600 DEBUG hotel_detail завершила работу (время - 9.20259 с)
2022-12-21T16:12:17.243754+0600 DEBUG result_output начала работу
2022-12-21T16:12:19.953334+0600 DEBUG result_output завершила работу (время - 2.70958 с)
2022-12-21T16:12:19.953334+0600 DEBUG data_to_db начала работу
2022-12-21T16:12:19.992992+0600 DEBUG data_to_db завершила работу (время - 0.03866 с)
2022-12-21T16:12:19.993993+0600 INFO Поиск успешно завершен
2022-12-21T16:12:19.993993+0600 DEBUG photos завершила работу (время - 16.39883 с)
2022-12-21T16:12:42.598745+0600 DEBUG history начала работу
2022-12-21T16:12:42.599744+0600 INFO Команда: /history
2022-12-21T16:12:42.601747+0600 INFO user_id = 1277657392; chat_id = 1277657392
2022-12-21T16:12:42.602744+0600 DEBUG hotels_searches_from_db начала работу
2022-12-21T16:12:42.627738+0600 DEBUG hotels_searches_from_db завершила работу (время - 0.02399 с)
2022-12-21T16:12:42.755770+0600 DEBUG hotels_searches_output начала работу
2022-12-21T16:12:42.756768+0600 DEBUG hotels_search_markup начала работу
2022-12-21T16:12:42.756768+0600 DEBUG hotels_search_markup завершила работу (время - 0.00000 с)
2022-12-21T16:12:42.904998+0600 DEBUG hotels_searches_output завершила работу (время - 0.14823 с)
2022-12-21T16:12:42.905997+0600 DEBUG history завершила работу (время - 0.30625 с)
2022-12-21T16:12:46.227950+0600 DEBUG get_hotels_from_history начала работу
2022-12-21T16:12:46.232948+0600 DEBUG hotels_data_from_db начала работу
2022-12-21T16:12:46.234948+0600 DEBUG hotel_photos_from_db начала работу
2022-12-21T16:12:46.238948+0600 DEBUG hotel_photos_from_db завершила работу (время - 0.00300 с)
2022-12-21T16:12:46.238948+0600 DEBUG hotel_photos_from_db начала работу
2022-12-21T16:12:46.241947+0600 DEBUG hotel_photos_from_db завершила работу (время - 0.00200 с)
2022-12-21T16:12:46.241947+0600 DEBUG hotel_photos_from_db начала работу
2022-12-21T16:12:46.244950+0600 DEBUG hotel_photos_from_db завершила работу (время - 0.00200 с)
2022-12-21T16:12:46.245949+0600 DEBUG hotels_data_from_db завершила работу (время - 0.01200 с)
2022-12-21T16:12:46.245949+0600 DEBUG days_from_hotels_search_db начала работу
2022-12-21T16:12:46.246947+0600 DEBUG days_from_hotels_search_db завершила работу (время - 0.00000 с)
2022-12-21T16:12:46.246947+0600 DEBUG result_output начала работу
2022-12-21T16:12:47.927985+0600 DEBUG result_output завершила работу (время - 1.68104 с)
2022-12-21T16:12:47.928986+0600 DEBUG get_hotels_from_history завершила работу (время - 1.70004 с)
2022-12-21T16:47:06.223429+0600 DEBUG #### Запущен новый сеанс ####
2022-12-21T16:47:06.224425+0600 DEBUG create_tables начала работу
2022-12-21T16:47:06.241500+0600 DEBUG create_tables завершила работу (время - 0.01508 с)
2022-12-21T16:47:06.241500+0600 DEBUG set_default_commands начала работу
2022-12-21T16:47:06.666237+0600 DEBUG set_default_commands завершила работу (время - 0.42474 с)
